<?xml version="1.0" encoding="UTF-8"?>
<!-- Generated by org.testng.reporters.JUnitReportReporter -->
<testsuite hostname="Squadstack" failures="0" tests="1" name="runner.Runner" time="0.156" errors="0" timestamp="2025-03-26T23:43:44 IST" skipped="0">
  <testcase classname="runner.Runner" name="runScenario" time="0.156"/>
</testsuite> <!-- runner.Runner -->
