<?xml version="1.0" encoding="UTF-8"?>
<!-- Generated by org.testng.reporters.JUnitReportReporter -->
<testsuite hostname="Squadstack" failures="0" tests="11" name="runner.Runner" time="92.382" errors="0" timestamp="2025-04-16T23:04:08 IST" skipped="0">
  <testcase classname="runner.Runner" name="runScenario" time="7.220"/>
  <testcase classname="runner.Runner" name="runScenario" time="5.745"/>
  <testcase classname="runner.Runner" name="runScenario" time="10.045"/>
  <testcase classname="runner.Runner" name="runScenario" time="5.499"/>
  <testcase classname="runner.Runner" name="runScenario" time="7.936"/>
  <testcase classname="runner.Runner" name="runScenario" time="6.320"/>
  <testcase classname="runner.Runner" name="runScenario" time="7.997"/>
  <testcase classname="runner.Runner" name="runScenario" time="20.383"/>
  <testcase classname="runner.Runner" name="runScenario" time="6.846"/>
  <testcase classname="runner.Runner" name="runScenario" time="7.374"/>
  <testcase classname="runner.Runner" name="runScenario" time="7.017"/>
</testsuite> <!-- runner.Runner -->
