<?xml version="1.0" encoding="UTF-8"?>
<!-- Generated by org.testng.reporters.JUnitReportReporter -->
<testsuite hostname="Squadstack" failures="0" tests="8" name="runner.Runner" time="56.999" errors="0" timestamp="2025-04-19T20:47:32 IST" skipped="0">
  <testcase classname="runner.Runner" name="runScenario" time="3.902"/>
  <testcase classname="runner.Runner" name="runScenario" time="9.057"/>
  <testcase classname="runner.Runner" name="runScenario" time="6.930"/>
  <testcase classname="runner.Runner" name="runScenario" time="8.850"/>
  <testcase classname="runner.Runner" name="runScenario" time="8.897"/>
  <testcase classname="runner.Runner" name="runScenario" time="5.989"/>
  <testcase classname="runner.Runner" name="runScenario" time="5.350"/>
  <testcase classname="runner.Runner" name="runScenario" time="8.024"/>
</testsuite> <!-- runner.Runner -->
