<?xml version="1.0" encoding="UTF-8"?>
<!-- Generated by org.testng.reporters.JUnitReportReporter -->
<testsuite hostname="Squadstack" failures="0" tests="6" name="runner.Runner" time="42.811" errors="0" timestamp="2025-04-15T00:07:40 IST" skipped="0">
  <testcase classname="runner.Runner" name="runScenario" time="5.397"/>
  <testcase classname="runner.Runner" name="runScenario" time="9.444"/>
  <testcase classname="runner.Runner" name="runScenario" time="7.105"/>
  <testcase classname="runner.Runner" name="runScenario" time="6.342"/>
  <testcase classname="runner.Runner" name="runScenario" time="6.709"/>
  <testcase classname="runner.Runner" name="runScenario" time="7.814"/>
</testsuite> <!-- runner.Runner -->
